c:\users\georg\desktop\karampelas\aueb\3rd_semester\cpp\arcadegameproject\x64\release\vc142.pdb
c:\users\georg\desktop\karampelas\aueb\3rd_semester\cpp\arcadegameproject\x64\release\utils.obj
c:\users\georg\desktop\karampelas\aueb\3rd_semester\cpp\arcadegameproject\x64\release\powerups.obj
c:\users\georg\desktop\karampelas\aueb\3rd_semester\cpp\arcadegameproject\x64\release\player.obj
c:\users\georg\desktop\karampelas\aueb\3rd_semester\cpp\arcadegameproject\x64\release\main.obj
c:\users\georg\desktop\karampelas\aueb\3rd_semester\cpp\arcadegameproject\x64\release\gameobject.obj
c:\users\georg\desktop\karampelas\aueb\3rd_semester\cpp\arcadegameproject\x64\release\game.obj
c:\users\georg\desktop\karampelas\aueb\3rd_semester\cpp\arcadegameproject\x64\release\enemy_bullet.obj
c:\users\georg\desktop\karampelas\aueb\3rd_semester\cpp\arcadegameproject\x64\release\enemy.obj
c:\users\georg\desktop\karampelas\aueb\3rd_semester\cpp\arcadegameproject\x64\release\effects.obj
c:\users\georg\desktop\karampelas\aueb\3rd_semester\cpp\arcadegameproject\x64\release\bullet.obj
c:\users\georg\desktop\karampelas\aueb\3rd_semester\cpp\arcadegameproject\x64\release\background.obj
c:\users\georg\desktop\karampelas\aueb\3rd_semester\cpp\arcadegameproject\x64\release\demo.ipdb
c:\users\georg\desktop\karampelas\aueb\3rd_semester\cpp\arcadegameproject\x64\release\demo.iobj
c:\users\georg\desktop\karampelas\aueb\3rd_semester\cpp\arcadegameproject\x64\release\demo.exe
c:\users\georg\desktop\karampelas\aueb\3rd_semester\cpp\arcadegameproject\x64\release\demo.pdb
c:\users\georg\desktop\karampelas\aueb\3rd_semester\cpp\arcadegameproject\x64\release\demo.tlog\cl.command.1.tlog
c:\users\georg\desktop\karampelas\aueb\3rd_semester\cpp\arcadegameproject\x64\release\demo.tlog\cl.read.1.tlog
c:\users\georg\desktop\karampelas\aueb\3rd_semester\cpp\arcadegameproject\x64\release\demo.tlog\cl.write.1.tlog
c:\users\georg\desktop\karampelas\aueb\3rd_semester\cpp\arcadegameproject\x64\release\demo.tlog\demo.write.1u.tlog
c:\users\georg\desktop\karampelas\aueb\3rd_semester\cpp\arcadegameproject\x64\release\demo.tlog\link.command.1.tlog
c:\users\georg\desktop\karampelas\aueb\3rd_semester\cpp\arcadegameproject\x64\release\demo.tlog\link.read.1.tlog
c:\users\georg\desktop\karampelas\aueb\3rd_semester\cpp\arcadegameproject\x64\release\demo.tlog\link.write.1.tlog
