  bullet.cpp
C:\Users\georg\Desktop\Karampelas\aueb\3rd_semester\cpp\ArcadeGameProject\bullet.h(13,1): error C2059: syntax error: '<<'
C:\Users\georg\Desktop\Karampelas\aueb\3rd_semester\cpp\ArcadeGameProject\bullet.h(15,26): error C2238: unexpected token(s) preceding ';'
C:\Users\georg\Desktop\Karampelas\aueb\3rd_semester\cpp\ArcadeGameProject\bullet.h(16,1): error C2059: syntax error: '>>'
C:\Users\georg\Desktop\Karampelas\aueb\3rd_semester\cpp\ArcadeGameProject\bullet.h(17,22): error C2238: unexpected token(s) preceding ';'
C:\Users\georg\Desktop\Karampelas\aueb\3rd_semester\cpp\ArcadeGameProject\bullet.cpp(3,1): error C2059: syntax error: '<<'
C:\Users\georg\Desktop\Karampelas\aueb\3rd_semester\cpp\ArcadeGameProject\bullet.cpp(5,14): error C2039: 'im_a_valid_bullet': is not a member of 'Bullet'
C:\Users\georg\Desktop\Karampelas\aueb\3rd_semester\cpp\ArcadeGameProject\bullet.h(6): message : see declaration of 'Bullet'
C:\Users\georg\Desktop\Karampelas\aueb\3rd_semester\cpp\ArcadeGameProject\bullet.cpp(6,1): error C2143: syntax error: missing ';' before '{'
C:\Users\georg\Desktop\Karampelas\aueb\3rd_semester\cpp\ArcadeGameProject\bullet.cpp(6,1): error C2447: '{': missing function header (old-style formal list?)
C:\Users\georg\Desktop\Karampelas\aueb\3rd_semester\cpp\ArcadeGameProject\bullet.cpp(11,1): error C2059: syntax error: '>>'
C:\Users\georg\Desktop\Karampelas\aueb\3rd_semester\cpp\ArcadeGameProject\bullet.cpp(13,1): error C2143: syntax error: missing ';' before '{'
C:\Users\georg\Desktop\Karampelas\aueb\3rd_semester\cpp\ArcadeGameProject\bullet.cpp(13,1): error C2447: '{': missing function header (old-style formal list?)
  enemy.cpp
  enemy_bullet.cpp
  enemy_bullet.h
  game.cpp
C:\Users\georg\Desktop\Karampelas\aueb\3rd_semester\cpp\ArcadeGameProject\bullet.h(13,1): error C2059: syntax error: '<<'
C:\Users\georg\Desktop\Karampelas\aueb\3rd_semester\cpp\ArcadeGameProject\bullet.h(15,26): error C2238: unexpected token(s) preceding ';'
C:\Users\georg\Desktop\Karampelas\aueb\3rd_semester\cpp\ArcadeGameProject\bullet.h(16,1): error C2059: syntax error: '>>'
C:\Users\georg\Desktop\Karampelas\aueb\3rd_semester\cpp\ArcadeGameProject\bullet.h(17,22): error C2238: unexpected token(s) preceding ';'
C:\Users\georg\Desktop\Karampelas\aueb\3rd_semester\cpp\ArcadeGameProject\player.h(6,1): error C2059: syntax error: '<<'
C:\Program Files (x86)\Microsoft Visual Studio\2019\Enterprise\VC\Tools\MSVC\14.27.29110\include\vector(24,1): error C2143: syntax error: missing ';' before '{'
C:\Program Files (x86)\Microsoft Visual Studio\2019\Enterprise\VC\Tools\MSVC\14.27.29110\include\vector(24,1): error C2447: '{': missing function header (old-style formal list?)
C:\Users\georg\Desktop\Karampelas\aueb\3rd_semester\cpp\ArcadeGameProject\player.h(8,1): error C2059: syntax error: '=='
C:\Program Files (x86)\Microsoft Visual Studio\2019\Enterprise\VC\Tools\MSVC\14.27.29110\include\list(24,1): error C2143: syntax error: missing ';' before '{'
C:\Program Files (x86)\Microsoft Visual Studio\2019\Enterprise\VC\Tools\MSVC\14.27.29110\include\list(24,1): error C2447: '{': missing function header (old-style formal list?)
C:\Users\georg\Desktop\Karampelas\aueb\3rd_semester\cpp\ArcadeGameProject\enemy.h(13,7): error C2039: 'list': is not a member of 'std'
C:\Program Files (x86)\Microsoft Visual Studio\2019\Enterprise\VC\Tools\MSVC\14.27.29110\include\functional(31): message : see declaration of 'std'
C:\Users\georg\Desktop\Karampelas\aueb\3rd_semester\cpp\ArcadeGameProject\enemy.h(13,11): error C2143: syntax error: missing ';' before '<'
C:\Users\georg\Desktop\Karampelas\aueb\3rd_semester\cpp\ArcadeGameProject\enemy.h(13,11): error C4430: missing type specifier - int assumed. Note: C++ does not support default-int
C:\Users\georg\Desktop\Karampelas\aueb\3rd_semester\cpp\ArcadeGameProject\enemy.h(13,37): error C2238: unexpected token(s) preceding ';'
C:\Users\georg\Desktop\Karampelas\aueb\3rd_semester\cpp\ArcadeGameProject\player.h(11,1): error C2059: syntax error: '>>'
C:\Users\georg\Desktop\Karampelas\aueb\3rd_semester\cpp\ArcadeGameProject\player.h(13,16): error C2059: syntax error: 'public'
C:\Users\georg\Desktop\Karampelas\aueb\3rd_semester\cpp\ArcadeGameProject\player.h(14,1): error C2143: syntax error: missing ';' before '{'
C:\Users\georg\Desktop\Karampelas\aueb\3rd_semester\cpp\ArcadeGameProject\player.h(14,1): error C2447: '{': missing function header (old-style formal list?)
C:\Users\georg\Desktop\Karampelas\aueb\3rd_semester\cpp\ArcadeGameProject\game.h(4,1): error C2059: syntax error: '<<'
C:\Users\georg\Desktop\Karampelas\aueb\3rd_semester\cpp\ArcadeGameProject\game.h(7,1): error C2143: syntax error: missing ';' before '{'
C:\Users\georg\Desktop\Karampelas\aueb\3rd_semester\cpp\ArcadeGameProject\game.h(7,1): error C2447: '{': missing function header (old-style formal list?)
C:\Users\georg\Desktop\Karampelas\aueb\3rd_semester\cpp\ArcadeGameProject\game.cpp(91,1): fatal error C1004: unexpected end-of-file found
  Main.cpp
C:\Users\georg\Desktop\Karampelas\aueb\3rd_semester\cpp\ArcadeGameProject\bullet.h(13,1): error C2059: syntax error: '<<'
C:\Users\georg\Desktop\Karampelas\aueb\3rd_semester\cpp\ArcadeGameProject\bullet.h(15,26): error C2238: unexpected token(s) preceding ';'
C:\Users\georg\Desktop\Karampelas\aueb\3rd_semester\cpp\ArcadeGameProject\bullet.h(16,1): error C2059: syntax error: '>>'
C:\Users\georg\Desktop\Karampelas\aueb\3rd_semester\cpp\ArcadeGameProject\bullet.h(17,22): error C2238: unexpected token(s) preceding ';'
C:\Users\georg\Desktop\Karampelas\aueb\3rd_semester\cpp\ArcadeGameProject\player.h(6,1): error C2059: syntax error: '<<'
C:\Program Files (x86)\Microsoft Visual Studio\2019\Enterprise\VC\Tools\MSVC\14.27.29110\include\vector(24,1): error C2143: syntax error: missing ';' before '{'
C:\Program Files (x86)\Microsoft Visual Studio\2019\Enterprise\VC\Tools\MSVC\14.27.29110\include\vector(24,1): error C2447: '{': missing function header (old-style formal list?)
C:\Users\georg\Desktop\Karampelas\aueb\3rd_semester\cpp\ArcadeGameProject\player.h(8,1): error C2059: syntax error: '=='
C:\Program Files (x86)\Microsoft Visual Studio\2019\Enterprise\VC\Tools\MSVC\14.27.29110\include\list(24,1): error C2143: syntax error: missing ';' before '{'
C:\Program Files (x86)\Microsoft Visual Studio\2019\Enterprise\VC\Tools\MSVC\14.27.29110\include\list(24,1): error C2447: '{': missing function header (old-style formal list?)
C:\Users\georg\Desktop\Karampelas\aueb\3rd_semester\cpp\ArcadeGameProject\enemy.h(13,7): error C2039: 'list': is not a member of 'std'
C:\Program Files (x86)\Microsoft Visual Studio\2019\Enterprise\VC\Tools\MSVC\14.27.29110\include\functional(31): message : see declaration of 'std'
C:\Users\georg\Desktop\Karampelas\aueb\3rd_semester\cpp\ArcadeGameProject\enemy.h(13,11): error C2143: syntax error: missing ';' before '<'
C:\Users\georg\Desktop\Karampelas\aueb\3rd_semester\cpp\ArcadeGameProject\enemy.h(13,11): error C4430: missing type specifier - int assumed. Note: C++ does not support default-int
C:\Users\georg\Desktop\Karampelas\aueb\3rd_semester\cpp\ArcadeGameProject\enemy.h(13,37): error C2238: unexpected token(s) preceding ';'
C:\Users\georg\Desktop\Karampelas\aueb\3rd_semester\cpp\ArcadeGameProject\player.h(11,1): error C2059: syntax error: '>>'
C:\Users\georg\Desktop\Karampelas\aueb\3rd_semester\cpp\ArcadeGameProject\player.h(13,16): error C2059: syntax error: 'public'
C:\Users\georg\Desktop\Karampelas\aueb\3rd_semester\cpp\ArcadeGameProject\player.h(14,1): error C2143: syntax error: missing ';' before '{'
C:\Users\georg\Desktop\Karampelas\aueb\3rd_semester\cpp\ArcadeGameProject\player.h(14,1): error C2447: '{': missing function header (old-style formal list?)
C:\Users\georg\Desktop\Karampelas\aueb\3rd_semester\cpp\ArcadeGameProject\game.h(4,1): error C2059: syntax error: '<<'
C:\Users\georg\Desktop\Karampelas\aueb\3rd_semester\cpp\ArcadeGameProject\game.h(7,1): error C2143: syntax error: missing ';' before '{'
C:\Users\georg\Desktop\Karampelas\aueb\3rd_semester\cpp\ArcadeGameProject\game.h(7,1): error C2447: '{': missing function header (old-style formal list?)
C:\Users\georg\Desktop\Karampelas\aueb\3rd_semester\cpp\ArcadeGameProject\Main.cpp(42,1): fatal error C1004: unexpected end-of-file found
  player.cpp
C:\Users\georg\Desktop\Karampelas\aueb\3rd_semester\cpp\ArcadeGameProject\bullet.h(13,1): error C2059: syntax error: '<<'
C:\Users\georg\Desktop\Karampelas\aueb\3rd_semester\cpp\ArcadeGameProject\bullet.h(15,26): error C2238: unexpected token(s) preceding ';'
C:\Users\georg\Desktop\Karampelas\aueb\3rd_semester\cpp\ArcadeGameProject\bullet.h(16,1): error C2059: syntax error: '>>'
C:\Users\georg\Desktop\Karampelas\aueb\3rd_semester\cpp\ArcadeGameProject\bullet.h(17,22): error C2238: unexpected token(s) preceding ';'
C:\Users\georg\Desktop\Karampelas\aueb\3rd_semester\cpp\ArcadeGameProject\player.h(6,1): error C2059: syntax error: '<<'
C:\Program Files (x86)\Microsoft Visual Studio\2019\Enterprise\VC\Tools\MSVC\14.27.29110\include\vector(24,1): error C2143: syntax error: missing ';' before '{'
C:\Program Files (x86)\Microsoft Visual Studio\2019\Enterprise\VC\Tools\MSVC\14.27.29110\include\vector(24,1): error C2447: '{': missing function header (old-style formal list?)
C:\Users\georg\Desktop\Karampelas\aueb\3rd_semester\cpp\ArcadeGameProject\player.h(8,1): error C2059: syntax error: '=='
C:\Program Files (x86)\Microsoft Visual Studio\2019\Enterprise\VC\Tools\MSVC\14.27.29110\include\list(24,1): error C2143: syntax error: missing ';' before '{'
C:\Program Files (x86)\Microsoft Visual Studio\2019\Enterprise\VC\Tools\MSVC\14.27.29110\include\list(24,1): error C2447: '{': missing function header (old-style formal list?)
C:\Users\georg\Desktop\Karampelas\aueb\3rd_semester\cpp\ArcadeGameProject\enemy.h(13,7): error C2039: 'list': is not a member of 'std'
C:\Program Files (x86)\Microsoft Visual Studio\2019\Enterprise\VC\Tools\MSVC\14.27.29110\include\functional(31): message : see declaration of 'std'
C:\Users\georg\Desktop\Karampelas\aueb\3rd_semester\cpp\ArcadeGameProject\enemy.h(13,11): error C2143: syntax error: missing ';' before '<'
C:\Users\georg\Desktop\Karampelas\aueb\3rd_semester\cpp\ArcadeGameProject\enemy.h(13,11): error C4430: missing type specifier - int assumed. Note: C++ does not support default-int
C:\Users\georg\Desktop\Karampelas\aueb\3rd_semester\cpp\ArcadeGameProject\enemy.h(13,37): error C2238: unexpected token(s) preceding ';'
C:\Users\georg\Desktop\Karampelas\aueb\3rd_semester\cpp\ArcadeGameProject\player.h(11,1): error C2059: syntax error: '>>'
C:\Users\georg\Desktop\Karampelas\aueb\3rd_semester\cpp\ArcadeGameProject\player.h(13,16): error C2059: syntax error: 'public'
C:\Users\georg\Desktop\Karampelas\aueb\3rd_semester\cpp\ArcadeGameProject\player.h(14,1): error C2143: syntax error: missing ';' before '{'
C:\Users\georg\Desktop\Karampelas\aueb\3rd_semester\cpp\ArcadeGameProject\player.h(14,1): error C2447: '{': missing function header (old-style formal list?)
C:\Users\georg\Desktop\Karampelas\aueb\3rd_semester\cpp\ArcadeGameProject\player.cpp(6,20): error C2653: 'Player': is not a class or namespace name
C:\Users\georg\Desktop\Karampelas\aueb\3rd_semester\cpp\ArcadeGameProject\player.cpp(8,1): error C2059: syntax error: '<<'
C:\Users\georg\Desktop\Karampelas\aueb\3rd_semester\cpp\ArcadeGameProject\player.cpp(11,26): error C2065: 'mouse': undeclared identifier
C:\Users\georg\Desktop\Karampelas\aueb\3rd_semester\cpp\ArcadeGameProject\player.cpp(12,1): error C2059: syntax error: '>>'
C:\Users\georg\Desktop\Karampelas\aueb\3rd_semester\cpp\ArcadeGameProject\player.cpp(14,2): error C2143: syntax error: missing ';' before '{'
C:\Users\georg\Desktop\Karampelas\aueb\3rd_semester\cpp\ArcadeGameProject\player.cpp(15,3): error C2065: 'player_y': undeclared identifier
C:\Users\georg\Desktop\Karampelas\aueb\3rd_semester\cpp\ArcadeGameProject\player.cpp(15,15): error C2065: 'speed': undeclared identifier
C:\Users\georg\Desktop\Karampelas\aueb\3rd_semester\cpp\ArcadeGameProject\player.cpp(19,3): error C2065: 'player_x': undeclared identifier
C:\Users\georg\Desktop\Karampelas\aueb\3rd_semester\cpp\ArcadeGameProject\player.cpp(19,15): error C2065: 'speed': undeclared identifier
C:\Users\georg\Desktop\Karampelas\aueb\3rd_semester\cpp\ArcadeGameProject\player.cpp(23,3): error C2065: 'player_y': undeclared identifier
C:\Users\georg\Desktop\Karampelas\aueb\3rd_semester\cpp\ArcadeGameProject\player.cpp(23,15): error C2065: 'speed': undeclared identifier
C:\Users\georg\Desktop\Karampelas\aueb\3rd_semester\cpp\ArcadeGameProject\player.cpp(27,3): error C2065: 'player_x': undeclared identifier
C:\Users\georg\Desktop\Karampelas\aueb\3rd_semester\cpp\ArcadeGameProject\player.cpp(27,15): error C2065: 'speed': undeclared identifier
C:\Users\georg\Desktop\Karampelas\aueb\3rd_semester\cpp\ArcadeGameProject\player.cpp(29,1): error C2059: syntax error: '<<'
C:\Users\georg\Desktop\Karampelas\aueb\3rd_semester\cpp\ArcadeGameProject\player.cpp(35,2): error C2143: syntax error: missing ';' before '{'
C:\Users\georg\Desktop\Karampelas\aueb\3rd_semester\cpp\ArcadeGameProject\player.cpp(36,3): error C2065: 'bullets': undeclared identifier
C:\Users\georg\Desktop\Karampelas\aueb\3rd_semester\cpp\ArcadeGameProject\player.cpp(36): error C2259: 'Bullet': cannot instantiate abstract class
C:\Users\georg\Desktop\Karampelas\aueb\3rd_semester\cpp\ArcadeGameProject\bullet.h(6): message : see declaration of 'Bullet'
C:\Users\georg\Desktop\Karampelas\aueb\3rd_semester\cpp\ArcadeGameProject\player.cpp(36): message : due to following members:
C:\Users\georg\Desktop\Karampelas\aueb\3rd_semester\cpp\ArcadeGameProject\player.cpp(36): message : 'void GameObject::draw(void)': is abstract
C:\Users\georg\Desktop\Karampelas\aueb\3rd_semester\cpp\ArcadeGameProject\gameobject.h(7): message : see declaration of 'GameObject::draw'
C:\Users\georg\Desktop\Karampelas\aueb\3rd_semester\cpp\ArcadeGameProject\player.cpp(36,34): error C2065: 'player_x': undeclared identifier
C:\Users\georg\Desktop\Karampelas\aueb\3rd_semester\cpp\ArcadeGameProject\player.cpp(36,44): error C2065: 'player_y': undeclared identifier
C:\Users\georg\Desktop\Karampelas\aueb\3rd_semester\cpp\ArcadeGameProject\player.cpp(36,33): error C2259: 'Bullet': cannot instantiate abstract class
C:\Users\georg\Desktop\Karampelas\aueb\3rd_semester\cpp\ArcadeGameProject\bullet.h(6): message : see declaration of 'Bullet'
C:\Users\georg\Desktop\Karampelas\aueb\3rd_semester\cpp\ArcadeGameProject\player.cpp(36,33): message : due to following members:
C:\Users\georg\Desktop\Karampelas\aueb\3rd_semester\cpp\ArcadeGameProject\player.cpp(36,33): message : 'void GameObject::draw(void)': is abstract
C:\Users\georg\Desktop\Karampelas\aueb\3rd_semester\cpp\ArcadeGameProject\gameobject.h(7): message : see declaration of 'GameObject::draw'
C:\Users\georg\Desktop\Karampelas\aueb\3rd_semester\cpp\ArcadeGameProject\player.cpp(39,7): error C2065: 'bullets': undeclared identifier
C:\Users\georg\Desktop\Karampelas\aueb\3rd_semester\cpp\ArcadeGameProject\player.cpp(41,1): error C2059: syntax error: '<<'
C:\Users\georg\Desktop\Karampelas\aueb\3rd_semester\cpp\ArcadeGameProject\player.cpp(42,13): error C2039: 'vector': is not a member of 'std'
C:\Program Files (x86)\Microsoft Visual Studio\2019\Enterprise\VC\Tools\MSVC\14.27.29110\include\functional(31): message : see declaration of 'std'
C:\Users\georg\Desktop\Karampelas\aueb\3rd_semester\cpp\ArcadeGameProject\player.cpp(42,29): error C2039: 'iterator': is not a member of '`global namespace''
C:\Users\georg\Desktop\Karampelas\aueb\3rd_semester\cpp\ArcadeGameProject\player.cpp(42,60): error C2065: 'it': undeclared identifier
C:\Users\georg\Desktop\Karampelas\aueb\3rd_semester\cpp\ArcadeGameProject\player.cpp(42,66): error C2065: 'bullets': undeclared identifier
C:\Users\georg\Desktop\Karampelas\aueb\3rd_semester\cpp\ArcadeGameProject\player.cpp(42,83): error C2065: 'it': undeclared identifier
C:\Users\georg\Desktop\Karampelas\aueb\3rd_semester\cpp\ArcadeGameProject\player.cpp(42,85): error C2059: syntax error: ')'
C:\Users\georg\Desktop\Karampelas\aueb\3rd_semester\cpp\ArcadeGameProject\player.cpp(44,6): error C2065: 'it': undeclared identifier
C:\Users\georg\Desktop\Karampelas\aueb\3rd_semester\cpp\ArcadeGameProject\player.cpp(44,18): error C2059: syntax error: ';'
C:\Users\georg\Desktop\Karampelas\aueb\3rd_semester\cpp\ArcadeGameProject\player.cpp(50,1): error C2059: syntax error: '=='
C:\Users\georg\Desktop\Karampelas\aueb\3rd_semester\cpp\ArcadeGameProject\player.cpp(59,8): error C2039: 'list': is not a member of 'std'
C:\Program Files (x86)\Microsoft Visual Studio\2019\Enterprise\VC\Tools\MSVC\14.27.29110\include\functional(31): message : see declaration of 'std'
C:\Users\georg\Desktop\Karampelas\aueb\3rd_semester\cpp\ArcadeGameProject\player.cpp(59,22): error C2039: 'iterator': is not a member of '`global namespace''
C:\Users\georg\Desktop\Karampelas\aueb\3rd_semester\cpp\ArcadeGameProject\player.cpp(60,3): error C2059: syntax error: 'while'
C:\Users\georg\Desktop\Karampelas\aueb\3rd_semester\cpp\ArcadeGameProject\player.cpp(61,3): error C2143: syntax error: missing ';' before '{'
C:\Users\georg\Desktop\Karampelas\aueb\3rd_semester\cpp\ArcadeGameProject\player.cpp(61,3): error C2447: '{': missing function header (old-style formal list?)
C:\Users\georg\Desktop\Karampelas\aueb\3rd_semester\cpp\ArcadeGameProject\player.cpp(74,2): error C2059: syntax error: '}'
C:\Users\georg\Desktop\Karampelas\aueb\3rd_semester\cpp\ArcadeGameProject\player.cpp(74,2): error C2143: syntax error: missing ';' before '}'
C:\Users\georg\Desktop\Karampelas\aueb\3rd_semester\cpp\ArcadeGameProject\player.cpp(82,2): error C2143: syntax error: missing ';' before '{'
C:\Users\georg\Desktop\Karampelas\aueb\3rd_semester\cpp\ArcadeGameProject\player.cpp(82,2): error C2447: '{': missing function header (old-style formal list?)
C:\Users\georg\Desktop\Karampelas\aueb\3rd_semester\cpp\ArcadeGameProject\player.cpp(85,2): error C2059: syntax error: 'if'
C:\Users\georg\Desktop\Karampelas\aueb\3rd_semester\cpp\ArcadeGameProject\player.cpp(86,2): error C2143: syntax error: missing ';' before '{'
C:\Users\georg\Desktop\Karampelas\aueb\3rd_semester\cpp\ArcadeGameProject\player.cpp(86,2): error C2447: '{': missing function header (old-style formal list?)
C:\Users\georg\Desktop\Karampelas\aueb\3rd_semester\cpp\ArcadeGameProject\player.cpp(89,2): error C2059: syntax error: 'if'
C:\Users\georg\Desktop\Karampelas\aueb\3rd_semester\cpp\ArcadeGameProject\player.cpp(90,2): error C2143: syntax error: missing ';' before '{'
C:\Users\georg\Desktop\Karampelas\aueb\3rd_semester\cpp\ArcadeGameProject\player.cpp(90,2): error C2447: '{': missing function header (old-style formal list?)
C:\Users\georg\Desktop\Karampelas\aueb\3rd_semester\cpp\ArcadeGameProject\player.cpp(93,2): error C2059: syntax error: 'if'
C:\Users\georg\Desktop\Karampelas\aueb\3rd_semester\cpp\ArcadeGameProject\player.cpp(94,2): error C2143: syntax error: missing ';' before '{'
C:\Users\georg\Desktop\Karampelas\aueb\3rd_semester\cpp\ArcadeGameProject\player.cpp(94,2): error C2447: '{': missing function header (old-style formal list?)
C:\Users\georg\Desktop\Karampelas\aueb\3rd_semester\cpp\ArcadeGameProject\player.cpp(98,1): error C2059: syntax error: '}'
C:\Users\georg\Desktop\Karampelas\aueb\3rd_semester\cpp\ArcadeGameProject\player.cpp(98,1): error C2143: syntax error: missing ';' before '}'
C:\Users\georg\Desktop\Karampelas\aueb\3rd_semester\cpp\ArcadeGameProject\player.cpp(100,18): error C2653: 'Player': is not a class or namespace name
C:\Users\georg\Desktop\Karampelas\aueb\3rd_semester\cpp\ArcadeGameProject\player.cpp(101,1): error C2143: syntax error: missing ';' before '{'
C:\Users\georg\Desktop\Karampelas\aueb\3rd_semester\cpp\ArcadeGameProject\player.cpp(101,1): error C2447: '{': missing function header (old-style formal list?)
C:\Users\georg\Desktop\Karampelas\aueb\3rd_semester\cpp\ArcadeGameProject\player.cpp(127,1): error C2059: syntax error: '>>'
C:\Users\georg\Desktop\Karampelas\aueb\3rd_semester\cpp\ArcadeGameProject\player.cpp(128,1): error C2143: syntax error: missing ';' before '}'
C:\Users\georg\Desktop\Karampelas\aueb\3rd_semester\cpp\ArcadeGameProject\player.cpp(128,1): error C2059: syntax error: '}'
C:\Users\georg\Desktop\Karampelas\aueb\3rd_semester\cpp\ArcadeGameProject\player.cpp(130,18): error C2653: 'Player': is not a class or namespace name
C:\Users\georg\Desktop\Karampelas\aueb\3rd_semester\cpp\ArcadeGameProject\player.cpp(131,1): error C2143: syntax error: missing ';' before '{'
C:\Users\georg\Desktop\Karampelas\aueb\3rd_semester\cpp\ArcadeGameProject\player.cpp(131,1): error C2447: '{': missing function header (old-style formal list?)
C:\Users\georg\Desktop\Karampelas\aueb\3rd_semester\cpp\ArcadeGameProject\player.cpp(134,15): error C2653: 'Player': is not a class or namespace name
C:\Users\georg\Desktop\Karampelas\aueb\3rd_semester\cpp\ArcadeGameProject\player.cpp(135,1): error C4430: missing type specifier - int assumed. Note: C++ does not support default-int
C:\Users\georg\Desktop\Karampelas\aueb\3rd_semester\cpp\ArcadeGameProject\player.cpp(136,1): warning C4508: 'Player': function should return a value; 'void' return type assumed
C:\Users\georg\Desktop\Karampelas\aueb\3rd_semester\cpp\ArcadeGameProject\player.cpp(138,16): error C2653: 'Player': is not a class or namespace name
C:\Users\georg\Desktop\Karampelas\aueb\3rd_semester\cpp\ArcadeGameProject\player.cpp(138,16): error C2523: '<Unknown>::~Player': destructor tag mismatch
C:\Users\georg\Desktop\Karampelas\aueb\3rd_semester\cpp\ArcadeGameProject\player.cpp(139,1): error C4430: missing type specifier - int assumed. Note: C++ does not support default-int
C:\Users\georg\Desktop\Karampelas\aueb\3rd_semester\cpp\ArcadeGameProject\player.cpp(138,16): error C2084: function 'int Player(void)' already has a body
C:\Users\georg\Desktop\Karampelas\aueb\3rd_semester\cpp\ArcadeGameProject\player.cpp(134): message : see previous definition of 'Player'
  Generating Code...
