<<<<<<< HEAD
c:\users\georg\desktop\karampelas\aueb\3rd_semester\cpp\demo\x64\debug\vc142.pdb
c:\users\georg\desktop\karampelas\aueb\3rd_semester\cpp\demo\x64\debug\vc142.idb
c:\users\georg\desktop\karampelas\aueb\3rd_semester\cpp\demo\x64\debug\demo.obj
c:\users\georg\desktop\karampelas\aueb\3rd_semester\cpp\demo\x64\debug\map.obj
c:\users\georg\desktop\karampelas\aueb\3rd_semester\cpp\demo\x64\debug\main.obj
c:\users\georg\desktop\karampelas\aueb\3rd_semester\cpp\demo\x64\debug\object.obj
c:\users\georg\desktop\karampelas\aueb\3rd_semester\cpp\demo\x64\debug\ship.obj
c:\users\georg\desktop\karampelas\aueb\3rd_semester\cpp\demo\x64\debug\missle.obj
c:\users\georg\desktop\karampelas\aueb\3rd_semester\cpp\demo\x64\debug\game.obj
c:\users\georg\desktop\karampelas\aueb\3rd_semester\cpp\demo\x64\debug\enemy.obj
c:\users\georg\desktop\karampelas\aueb\3rd_semester\cpp\demo\x64\debug\player.obj
c:\users\georg\desktop\karampelas\aueb\3rd_semester\cpp\demo\x64\debug\demod.exe
c:\users\georg\desktop\karampelas\aueb\3rd_semester\cpp\demo\x64\debug\demod.ilk
c:\users\georg\desktop\karampelas\aueb\3rd_semester\cpp\demo\x64\debug\demod.pdb
c:\users\georg\desktop\karampelas\aueb\3rd_semester\cpp\demo\x64\debug\demo.tlog\cl.command.1.tlog
c:\users\georg\desktop\karampelas\aueb\3rd_semester\cpp\demo\x64\debug\demo.tlog\cl.read.1.tlog
c:\users\georg\desktop\karampelas\aueb\3rd_semester\cpp\demo\x64\debug\demo.tlog\cl.write.1.tlog
c:\users\georg\desktop\karampelas\aueb\3rd_semester\cpp\demo\x64\debug\demo.tlog\link.command.1.tlog
c:\users\georg\desktop\karampelas\aueb\3rd_semester\cpp\demo\x64\debug\demo.tlog\link.read.1.tlog
c:\users\georg\desktop\karampelas\aueb\3rd_semester\cpp\demo\x64\debug\demo.tlog\link.write.1.tlog
=======
c:\users\sotiris\desktop\aueb\προγραμματισμός υπολογιστών με c++\arcadegame\arcadegameproject\x64\debug\vc142.pdb
c:\users\sotiris\desktop\aueb\προγραμματισμός υπολογιστών με c++\arcadegame\arcadegameproject\x64\debug\vc142.idb
c:\users\sotiris\desktop\aueb\προγραμματισμός υπολογιστών με c++\arcadegame\arcadegameproject\x64\debug\player.obj
c:\users\sotiris\desktop\aueb\προγραμματισμός υπολογιστών με c++\arcadegame\arcadegameproject\x64\debug\main.obj
c:\users\sotiris\desktop\aueb\προγραμματισμός υπολογιστών με c++\arcadegame\arcadegameproject\x64\debug\game.obj
c:\users\sotiris\desktop\aueb\προγραμματισμός υπολογιστών με c++\arcadegame\arcadegameproject\x64\debug\enemy_bullet.obj
c:\users\sotiris\desktop\aueb\προγραμματισμός υπολογιστών με c++\arcadegame\arcadegameproject\x64\debug\enemy.obj
c:\users\sotiris\desktop\aueb\προγραμματισμός υπολογιστών με c++\arcadegame\arcadegameproject\x64\debug\bullet.obj
c:\users\sotiris\desktop\aueb\προγραμματισμός υπολογιστών με c++\arcadegame\arcadegameproject\x64\debug\demod.ilk
c:\users\sotiris\desktop\aueb\προγραμματισμός υπολογιστών με c++\arcadegame\arcadegameproject\x64\debug\demod.pdb
c:\users\sotiris\desktop\aueb\προγραμματισμός υπολογιστών με c++\arcadegame\arcadegameproject\x64\debug\demod.exe
c:\users\sotiris\desktop\aueb\προγραμματισμός υπολογιστών με c++\arcadegame\arcadegameproject\x64\debug\demo.tlog\cl.command.1.tlog
c:\users\sotiris\desktop\aueb\προγραμματισμός υπολογιστών με c++\arcadegame\arcadegameproject\x64\debug\demo.tlog\cl.read.1.tlog
c:\users\sotiris\desktop\aueb\προγραμματισμός υπολογιστών με c++\arcadegame\arcadegameproject\x64\debug\demo.tlog\cl.write.1.tlog
c:\users\sotiris\desktop\aueb\προγραμματισμός υπολογιστών με c++\arcadegame\arcadegameproject\x64\debug\demo.tlog\link.command.1.tlog
c:\users\sotiris\desktop\aueb\προγραμματισμός υπολογιστών με c++\arcadegame\arcadegameproject\x64\debug\demo.tlog\link.read.1.tlog
c:\users\sotiris\desktop\aueb\προγραμματισμός υπολογιστών με c++\arcadegame\arcadegameproject\x64\debug\demo.tlog\link.write.1.tlog
>>>>>>> remotes/origin/development
